[15:59:30] 启动 insight 应用...
[15:59:31] 2025-10-06 15:59:31.182
[15:59:31] Warning: the config option 'server.enableCORS=false' is not compatible with 'server.enableXsrfProtection=true'.
[15:59:31] As a result, 'server.enableCORS' is being overridden to 'true'.
[15:59:31] More information:
[15:59:31] In order to protect against CSRF attacks, we send a cookie with each request.
[15:59:31] To do so, we must specify allowable origins, which places a restriction on
[15:59:31] cross-origin resource sharing.
[15:59:31] If cross origin resource sharing is required, please disable server.enableXsrfProtection.
[15:59:32] You can now view your Streamlit app in your browser.
[15:59:32] Network URL: http://192.168.1.31:8501
[15:59:32] External URL: http://1.168.185.34:8501
[15:59:41] 2025-10-06 15:59:41.927 Uncaught app exception
[15:59:41] Traceback (most recent call last):
[15:59:41] File "D:\Weibo_PublicOpinion_AnalysisSystem\WeiboOpinionAnalysisEnv\Lib\site-packages\streamlit\runtime\scriptrunner\script_runner.py", line 534, in _run_script
[15:59:41] exec(code, module.__dict__)
[15:59:41] File "D:\Weibo_PublicOpinion_AnalysisSystem\SingleEngineApp\insight_engine_streamlit_app.py", line 29, in <module>
[15:59:41] from InsightEngine import DeepSearchAgent, Config
[15:59:41] File "D:\Weibo_PublicOpinion_AnalysisSystem\SingleEngineApp\..\InsightEngine\__init__.py", line 6, in <module>
[15:59:41] from .agent import DeepSearchAgent, create_agent
[15:59:41] File "D:\Weibo_PublicOpinion_AnalysisSystem\SingleEngineApp\..\InsightEngine\agent.py", line 22, in <module>
[15:59:41] from .tools import MediaCrawlerDB, DBResponse, keyword_optimizer, multilingual_sentiment_analyzer
[15:59:41] File "D:\Weibo_PublicOpinion_AnalysisSystem\SingleEngineApp\..\InsightEngine\tools\__init__.py", line 17, in <module>
[15:59:41] from .sentiment_analyzer import (
[15:59:41] File "D:\Weibo_PublicOpinion_AnalysisSystem\SingleEngineApp\..\InsightEngine\tools\sentiment_analyzer.py", line 6, in <module>
[15:59:41] import torch
[15:59:41] ModuleNotFoundError: No module named 'torch'
[15:59:54] 2025-10-06 15:59:54.145 Uncaught app exception
[15:59:54] Traceback (most recent call last):
[15:59:54] File "D:\Weibo_PublicOpinion_AnalysisSystem\WeiboOpinionAnalysisEnv\Lib\site-packages\streamlit\runtime\scriptrunner\script_runner.py", line 534, in _run_script
[15:59:54] exec(code, module.__dict__)
[15:59:54] File "D:\Weibo_PublicOpinion_AnalysisSystem\SingleEngineApp\insight_engine_streamlit_app.py", line 29, in <module>
[15:59:54] from InsightEngine import DeepSearchAgent, Config
[15:59:54] File "D:\Weibo_PublicOpinion_AnalysisSystem\SingleEngineApp\..\InsightEngine\__init__.py", line 6, in <module>
[15:59:54] from .agent import DeepSearchAgent, create_agent
[15:59:54] File "D:\Weibo_PublicOpinion_AnalysisSystem\SingleEngineApp\..\InsightEngine\agent.py", line 22, in <module>
[15:59:54] from .tools import MediaCrawlerDB, DBResponse, keyword_optimizer, multilingual_sentiment_analyzer
[15:59:54] File "D:\Weibo_PublicOpinion_AnalysisSystem\SingleEngineApp\..\InsightEngine\tools\__init__.py", line 17, in <module>
[15:59:54] from .sentiment_analyzer import (
[15:59:54] File "D:\Weibo_PublicOpinion_AnalysisSystem\SingleEngineApp\..\InsightEngine\tools\sentiment_analyzer.py", line 6, in <module>
[15:59:54] import torch
[15:59:54] ModuleNotFoundError: No module named 'torch'
